2026-03-27 21:53:58.700 [info] [main] Log level: Info
2026-03-27 21:53:58.700 [info] [main] Validating found git in: "git"
2026-03-27 21:53:58.700 [info] [main] Using git "2.43.0" from "git"
2026-03-27 21:53:58.700 [info] [Model][doInitialScan] Initial repository scan started
2026-03-27 21:53:58.700 [info] > git rev-parse --show-toplevel [3ms]
2026-03-27 21:53:58.700 [info] fatal: not a git repository (or any of the parent directories): .git
2026-03-27 21:53:58.700 [info] > git rev-parse --show-toplevel [1ms]
2026-03-27 21:53:58.700 [info] fatal: not a git repository (or any of the parent directories): .git
2026-03-27 21:53:58.700 [info] [Model][doInitialScan] Initial repository scan completed - repositories (0), closed repositories (0), parent repositories (0), unsafe repositories (0)
2026-03-27 21:53:58.713 [info] > git rev-parse --show-toplevel [0ms]
2026-03-27 21:53:58.713 [info] fatal: not a git repository (or any of the parent directories): .git
2026-03-27 21:53:58.751 [info] > git rev-parse --show-toplevel [0ms]
2026-03-27 21:53:58.751 [info] fatal: not a git repository (or any of the parent directories): .git
2026-03-27 21:53:58.762 [info] > git rev-parse --show-toplevel [1ms]
2026-03-27 21:53:58.762 [info] fatal: not a git repository (or any of the parent directories): .git
2026-03-27 21:53:58.795 [info] > git rev-parse --show-toplevel [1ms]
2026-03-27 21:53:58.795 [info] fatal: not a git repository (or any of the parent directories): .git
2026-03-27 21:54:00.786 [info] > git rev-parse --show-toplevel [0ms]
2026-03-27 21:54:00.786 [info] fatal: not a git repository (or any of the parent directories): .git
2026-03-27 21:54:00.902 [info] > git rev-parse --show-toplevel [1ms]
2026-03-27 21:54:00.902 [info] fatal: not a git repository (or any of the parent directories): .git
2026-03-27 21:54:03.587 [info] > git rev-parse --show-toplevel [1ms]
2026-03-27 21:54:03.587 [info] fatal: not a git repository (or any of the parent directories): .git
2026-03-27 21:54:05.544 [info] > git rev-parse --show-toplevel [1ms]
2026-03-27 21:54:05.544 [info] fatal: not a git repository (or any of the parent directories): .git
