2026-03-27 22:26:29.513 [info] [main] Log level: Info
2026-03-27 22:26:29.514 [info] [main] Validating found git in: "git"
2026-03-27 22:26:29.514 [info] [main] Using git "2.43.0" from "git"
2026-03-27 22:26:29.514 [info] [Model][doInitialScan] Initial repository scan started
2026-03-27 22:26:29.514 [info] > git rev-parse --show-toplevel [4ms]
2026-03-27 22:26:29.514 [info] fatal: not a git repository (or any of the parent directories): .git
2026-03-27 22:26:29.514 [info] > git rev-parse --show-toplevel [1ms]
2026-03-27 22:26:29.514 [info] fatal: not a git repository (or any of the parent directories): .git
2026-03-27 22:26:29.514 [info] [Model][doInitialScan] Initial repository scan completed - repositories (0), closed repositories (0), parent repositories (0), unsafe repositories (0)
2026-03-27 22:26:29.514 [info] > git rev-parse --show-toplevel [0ms]
2026-03-27 22:26:29.514 [info] fatal: not a git repository (or any of the parent directories): .git
2026-03-27 22:26:29.560 [info] > git rev-parse --show-toplevel [1ms]
2026-03-27 22:26:29.560 [info] fatal: not a git repository (or any of the parent directories): .git
2026-03-27 22:26:29.569 [info] > git rev-parse --show-toplevel [0ms]
2026-03-27 22:26:29.570 [info] fatal: not a git repository (or any of the parent directories): .git
2026-03-27 22:26:29.601 [info] > git rev-parse --show-toplevel [1ms]
2026-03-27 22:26:29.601 [info] fatal: not a git repository (or any of the parent directories): .git
2026-03-27 22:26:31.619 [info] > git rev-parse --show-toplevel [1ms]
2026-03-27 22:26:31.619 [info] fatal: not a git repository (or any of the parent directories): .git
2026-03-27 22:36:28.825 [info] > git rev-parse --show-toplevel [0ms]
2026-03-27 22:36:28.825 [info] fatal: not a git repository (or any of the parent directories): .git
2026-03-27 22:36:31.634 [info] > git rev-parse --show-toplevel [0ms]
2026-03-27 22:36:31.634 [info] fatal: not a git repository (or any of the parent directories): .git
