2026-03-26 23:03:23.517 [info] [main] Log level: Info
2026-03-26 23:03:23.517 [info] [main] Validating found git in: "git"
2026-03-26 23:03:23.517 [info] [main] Using git "2.43.0" from "git"
2026-03-26 23:03:23.517 [info] [Model][doInitialScan] Initial repository scan started
2026-03-26 23:03:23.517 [info] > git rev-parse --show-toplevel [11ms]
2026-03-26 23:03:23.517 [info] fatal: not a git repository (or any of the parent directories): .git
2026-03-26 23:03:23.517 [info] > git rev-parse --show-toplevel [0ms]
2026-03-26 23:03:23.517 [info] fatal: not a git repository (or any of the parent directories): .git
2026-03-26 23:03:23.517 [info] > git rev-parse --show-toplevel [1ms]
2026-03-26 23:03:23.517 [info] fatal: not a git repository (or any of the parent directories): .git
2026-03-26 23:03:23.517 [info] > git rev-parse --show-toplevel [1ms]
2026-03-26 23:03:23.517 [info] fatal: not a git repository (or any of the parent directories): .git
2026-03-26 23:03:23.517 [info] > git rev-parse --show-toplevel [1ms]
2026-03-26 23:03:23.517 [info] fatal: not a git repository (or any of the parent directories): .git
2026-03-26 23:03:23.530 [info] > git rev-parse --show-toplevel [11ms]
2026-03-26 23:03:23.530 [info] fatal: not a git repository (or any of the parent directories): .git
2026-03-26 23:03:23.533 [info] > git rev-parse --show-toplevel [0ms]
2026-03-26 23:03:23.533 [info] fatal: not a git repository (or any of the parent directories): .git
2026-03-26 23:03:23.535 [info] > git rev-parse --show-toplevel [0ms]
2026-03-26 23:03:23.535 [info] fatal: not a git repository (or any of the parent directories): .git
2026-03-26 23:03:23.537 [info] > git rev-parse --show-toplevel [1ms]
2026-03-26 23:03:23.537 [info] fatal: not a git repository (or any of the parent directories): .git
2026-03-26 23:03:23.539 [info] > git rev-parse --show-toplevel [1ms]
2026-03-26 23:03:23.539 [info] fatal: not a git repository (or any of the parent directories): .git
2026-03-26 23:03:23.544 [info] > git rev-parse --show-toplevel [4ms]
2026-03-26 23:03:23.544 [info] fatal: not a git repository (or any of the parent directories): .git
2026-03-26 23:03:23.548 [info] > git rev-parse --show-toplevel [2ms]
2026-03-26 23:03:23.548 [info] fatal: not a git repository (or any of the parent directories): .git
2026-03-26 23:03:23.568 [info] > git rev-parse --show-toplevel [8ms]
2026-03-26 23:03:23.568 [info] fatal: not a git repository (or any of the parent directories): .git
2026-03-26 23:03:23.572 [info] > git rev-parse --show-toplevel [2ms]
2026-03-26 23:03:23.572 [info] fatal: not a git repository (or any of the parent directories): .git
2026-03-26 23:03:23.574 [info] > git rev-parse --show-toplevel [1ms]
2026-03-26 23:03:23.574 [info] fatal: not a git repository (or any of the parent directories): .git
2026-03-26 23:03:23.576 [info] > git rev-parse --show-toplevel [0ms]
2026-03-26 23:03:23.576 [info] fatal: not a git repository (or any of the parent directories): .git
2026-03-26 23:03:23.579 [info] > git rev-parse --show-toplevel [1ms]
2026-03-26 23:03:23.579 [info] fatal: not a git repository (or any of the parent directories): .git
2026-03-26 23:03:23.581 [info] > git rev-parse --show-toplevel [1ms]
2026-03-26 23:03:23.581 [info] fatal: not a git repository (or any of the parent directories): .git
2026-03-26 23:03:23.583 [info] > git rev-parse --show-toplevel [1ms]
2026-03-26 23:03:23.583 [info] fatal: not a git repository (or any of the parent directories): .git
2026-03-26 23:03:23.584 [info] > git rev-parse --show-toplevel [0ms]
2026-03-26 23:03:23.584 [info] fatal: not a git repository (or any of the parent directories): .git
2026-03-26 23:03:23.586 [info] > git rev-parse --show-toplevel [0ms]
2026-03-26 23:03:23.586 [info] fatal: not a git repository (or any of the parent directories): .git
2026-03-26 23:03:23.588 [info] > git rev-parse --show-toplevel [1ms]
2026-03-26 23:03:23.588 [info] fatal: not a git repository (or any of the parent directories): .git
2026-03-26 23:03:23.590 [info] > git rev-parse --show-toplevel [1ms]
2026-03-26 23:03:23.590 [info] fatal: not a git repository (or any of the parent directories): .git
2026-03-26 23:03:23.591 [info] > git rev-parse --show-toplevel [0ms]
2026-03-26 23:03:23.591 [info] fatal: not a git repository (or any of the parent directories): .git
2026-03-26 23:03:23.593 [info] > git rev-parse --show-toplevel [0ms]
2026-03-26 23:03:23.593 [info] fatal: not a git repository (or any of the parent directories): .git
2026-03-26 23:03:23.595 [info] > git rev-parse --show-toplevel [1ms]
2026-03-26 23:03:23.595 [info] fatal: not a git repository (or any of the parent directories): .git
2026-03-26 23:03:23.597 [info] > git rev-parse --show-toplevel [1ms]
2026-03-26 23:03:23.597 [info] fatal: not a git repository (or any of the parent directories): .git
2026-03-26 23:03:23.598 [info] > git rev-parse --show-toplevel [0ms]
2026-03-26 23:03:23.598 [info] fatal: not a git repository (or any of the parent directories): .git
2026-03-26 23:03:23.600 [info] > git rev-parse --show-toplevel [0ms]
2026-03-26 23:03:23.600 [info] fatal: not a git repository (or any of the parent directories): .git
2026-03-26 23:03:23.602 [info] > git rev-parse --show-toplevel [0ms]
2026-03-26 23:03:23.602 [info] fatal: not a git repository (or any of the parent directories): .git
2026-03-26 23:03:23.603 [info] > git rev-parse --show-toplevel [0ms]
2026-03-26 23:03:23.603 [info] fatal: not a git repository (or any of the parent directories): .git
2026-03-26 23:03:23.605 [info] > git rev-parse --show-toplevel [1ms]
2026-03-26 23:03:23.605 [info] fatal: not a git repository (or any of the parent directories): .git
2026-03-26 23:03:23.606 [info] > git rev-parse --show-toplevel [0ms]
2026-03-26 23:03:23.606 [info] fatal: not a git repository (or any of the parent directories): .git
2026-03-26 23:03:23.608 [info] > git rev-parse --show-toplevel [1ms]
2026-03-26 23:03:23.608 [info] fatal: not a git repository (or any of the parent directories): .git
2026-03-26 23:03:23.609 [info] [Model][doInitialScan] Initial repository scan completed - repositories (0), closed repositories (0), parent repositories (0), unsafe repositories (0)
2026-03-26 23:03:23.613 [info] > git rev-parse --show-toplevel [2ms]
2026-03-26 23:03:23.613 [info] fatal: not a git repository (or any of the parent directories): .git
2026-03-26 23:03:23.620 [info] > git rev-parse --show-toplevel [0ms]
2026-03-26 23:03:23.620 [info] fatal: not a git repository (or any of the parent directories): .git
2026-03-26 23:03:23.654 [info] > git rev-parse --show-toplevel [1ms]
2026-03-26 23:03:23.654 [info] fatal: not a git repository (or any of the parent directories): .git
2026-03-26 23:03:25.369 [info] > git rev-parse --show-toplevel [0ms]
2026-03-26 23:03:25.369 [info] fatal: not a git repository (or any of the parent directories): .git
2026-03-26 23:03:31.427 [info] [main] Log level: Info
2026-03-26 23:03:31.427 [info] [main] Validating found git in: "git"
2026-03-26 23:03:31.427 [info] [main] Using git "2.43.0" from "git"
2026-03-26 23:03:31.427 [info] [Model][doInitialScan] Initial repository scan started
2026-03-26 23:03:31.427 [info] > git rev-parse --show-toplevel [5ms]
2026-03-26 23:03:31.427 [info] fatal: not a git repository (or any of the parent directories): .git
2026-03-26 23:03:31.427 [info] > git rev-parse --show-toplevel [0ms]
2026-03-26 23:03:31.427 [info] fatal: not a git repository (or any of the parent directories): .git
2026-03-26 23:03:31.427 [info] > git rev-parse --show-toplevel [0ms]
2026-03-26 23:03:31.427 [info] fatal: not a git repository (or any of the parent directories): .git
2026-03-26 23:03:31.427 [info] > git rev-parse --show-toplevel [0ms]
2026-03-26 23:03:31.427 [info] fatal: not a git repository (or any of the parent directories): .git
2026-03-26 23:03:31.427 [info] > git rev-parse --show-toplevel [1ms]
2026-03-26 23:03:31.427 [info] fatal: not a git repository (or any of the parent directories): .git
2026-03-26 23:03:31.427 [info] > git rev-parse --show-toplevel [0ms]
2026-03-26 23:03:31.427 [info] fatal: not a git repository (or any of the parent directories): .git
2026-03-26 23:03:31.427 [info] > git rev-parse --show-toplevel [0ms]
2026-03-26 23:03:31.427 [info] fatal: not a git repository (or any of the parent directories): .git
2026-03-26 23:03:31.427 [info] > git rev-parse --show-toplevel [1ms]
2026-03-26 23:03:31.427 [info] fatal: not a git repository (or any of the parent directories): .git
2026-03-26 23:03:31.427 [info] > git rev-parse --show-toplevel [0ms]
2026-03-26 23:03:31.427 [info] fatal: not a git repository (or any of the parent directories): .git
2026-03-26 23:03:31.427 [info] > git rev-parse --show-toplevel [0ms]
2026-03-26 23:03:31.427 [info] fatal: not a git repository (or any of the parent directories): .git
2026-03-26 23:03:31.427 [info] > git rev-parse --show-toplevel [1ms]
2026-03-26 23:03:31.427 [info] fatal: not a git repository (or any of the parent directories): .git
2026-03-26 23:03:31.427 [info] > git rev-parse --show-toplevel [1ms]
2026-03-26 23:03:31.427 [info] fatal: not a git repository (or any of the parent directories): .git
2026-03-26 23:03:31.427 [info] > git rev-parse --show-toplevel [1ms]
2026-03-26 23:03:31.427 [info] fatal: not a git repository (or any of the parent directories): .git
2026-03-26 23:03:31.427 [info] > git rev-parse --show-toplevel [0ms]
2026-03-26 23:03:31.427 [info] fatal: not a git repository (or any of the parent directories): .git
2026-03-26 23:03:31.437 [info] > git rev-parse --show-toplevel [9ms]
2026-03-26 23:03:31.437 [info] fatal: not a git repository (or any of the parent directories): .git
2026-03-26 23:03:31.442 [info] > git rev-parse --show-toplevel [1ms]
2026-03-26 23:03:31.442 [info] fatal: not a git repository (or any of the parent directories): .git
2026-03-26 23:03:31.443 [info] > git rev-parse --show-toplevel [0ms]
2026-03-26 23:03:31.443 [info] fatal: not a git repository (or any of the parent directories): .git
2026-03-26 23:03:31.445 [info] > git rev-parse --show-toplevel [1ms]
2026-03-26 23:03:31.445 [info] fatal: not a git repository (or any of the parent directories): .git
2026-03-26 23:03:31.447 [info] > git rev-parse --show-toplevel [1ms]
2026-03-26 23:03:31.447 [info] fatal: not a git repository (or any of the parent directories): .git
2026-03-26 23:03:31.448 [info] > git rev-parse --show-toplevel [0ms]
2026-03-26 23:03:31.448 [info] fatal: not a git repository (or any of the parent directories): .git
2026-03-26 23:03:31.450 [info] > git rev-parse --show-toplevel [1ms]
2026-03-26 23:03:31.450 [info] fatal: not a git repository (or any of the parent directories): .git
2026-03-26 23:03:31.451 [info] > git rev-parse --show-toplevel [0ms]
2026-03-26 23:03:31.451 [info] fatal: not a git repository (or any of the parent directories): .git
2026-03-26 23:03:31.453 [info] > git rev-parse --show-toplevel [1ms]
2026-03-26 23:03:31.453 [info] fatal: not a git repository (or any of the parent directories): .git
2026-03-26 23:03:31.455 [info] > git rev-parse --show-toplevel [0ms]
2026-03-26 23:03:31.455 [info] fatal: not a git repository (or any of the parent directories): .git
2026-03-26 23:03:31.456 [info] > git rev-parse --show-toplevel [0ms]
2026-03-26 23:03:31.456 [info] fatal: not a git repository (or any of the parent directories): .git
2026-03-26 23:03:31.458 [info] > git rev-parse --show-toplevel [0ms]
2026-03-26 23:03:31.458 [info] fatal: not a git repository (or any of the parent directories): .git
2026-03-26 23:03:31.459 [info] > git rev-parse --show-toplevel [0ms]
2026-03-26 23:03:31.459 [info] fatal: not a git repository (or any of the parent directories): .git
2026-03-26 23:03:31.461 [info] > git rev-parse --show-toplevel [1ms]
2026-03-26 23:03:31.461 [info] fatal: not a git repository (or any of the parent directories): .git
2026-03-26 23:03:31.462 [info] > git rev-parse --show-toplevel [0ms]
2026-03-26 23:03:31.462 [info] fatal: not a git repository (or any of the parent directories): .git
2026-03-26 23:03:31.464 [info] > git rev-parse --show-toplevel [1ms]
2026-03-26 23:03:31.464 [info] fatal: not a git repository (or any of the parent directories): .git
2026-03-26 23:03:31.465 [info] > git rev-parse --show-toplevel [0ms]
2026-03-26 23:03:31.465 [info] fatal: not a git repository (or any of the parent directories): .git
2026-03-26 23:03:31.467 [info] > git rev-parse --show-toplevel [1ms]
2026-03-26 23:03:31.467 [info] fatal: not a git repository (or any of the parent directories): .git
2026-03-26 23:03:31.468 [info] > git rev-parse --show-toplevel [0ms]
2026-03-26 23:03:31.468 [info] fatal: not a git repository (or any of the parent directories): .git
2026-03-26 23:03:31.470 [info] > git rev-parse --show-toplevel [1ms]
2026-03-26 23:03:31.470 [info] fatal: not a git repository (or any of the parent directories): .git
2026-03-26 23:03:31.471 [info] > git rev-parse --show-toplevel [0ms]
2026-03-26 23:03:31.471 [info] fatal: not a git repository (or any of the parent directories): .git
2026-03-26 23:03:31.473 [info] > git rev-parse --show-toplevel [0ms]
2026-03-26 23:03:31.473 [info] fatal: not a git repository (or any of the parent directories): .git
2026-03-26 23:03:31.474 [info] > git rev-parse --show-toplevel [0ms]
2026-03-26 23:03:31.474 [info] fatal: not a git repository (or any of the parent directories): .git
2026-03-26 23:03:31.476 [info] [Model][doInitialScan] Initial repository scan completed - repositories (0), closed repositories (0), parent repositories (0), unsafe repositories (0)
2026-03-26 23:03:31.479 [info] > git rev-parse --show-toplevel [2ms]
2026-03-26 23:03:31.479 [info] fatal: not a git repository (or any of the parent directories): .git
2026-03-26 23:03:31.481 [info] > git rev-parse --show-toplevel [1ms]
2026-03-26 23:03:31.481 [info] fatal: not a git repository (or any of the parent directories): .git
2026-03-26 23:03:31.529 [info] > git rev-parse --show-toplevel [0ms]
2026-03-26 23:03:31.529 [info] fatal: not a git repository (or any of the parent directories): .git
2026-03-26 23:03:33.505 [info] > git rev-parse --show-toplevel [0ms]
2026-03-26 23:03:33.506 [info] fatal: not a git repository (or any of the parent directories): .git
