2026-03-27 20:39:13.750 [info] [main] Log level: Info
2026-03-27 20:39:13.750 [info] [main] Validating found git in: "git"
2026-03-27 20:39:13.750 [info] [main] Using git "2.43.0" from "git"
2026-03-27 20:39:13.750 [info] [Model][doInitialScan] Initial repository scan started
2026-03-27 20:39:13.750 [info] > git rev-parse --show-toplevel [4ms]
2026-03-27 20:39:13.750 [info] fatal: not a git repository (or any of the parent directories): .git
2026-03-27 20:39:13.750 [info] > git rev-parse --show-toplevel [1ms]
2026-03-27 20:39:13.750 [info] fatal: not a git repository (or any of the parent directories): .git
2026-03-27 20:39:13.750 [info] [Model][doInitialScan] Initial repository scan completed - repositories (0), closed repositories (0), parent repositories (0), unsafe repositories (0)
2026-03-27 20:39:13.765 [info] > git rev-parse --show-toplevel [1ms]
2026-03-27 20:39:13.765 [info] fatal: not a git repository (or any of the parent directories): .git
2026-03-27 20:39:13.802 [info] > git rev-parse --show-toplevel [0ms]
2026-03-27 20:39:13.802 [info] fatal: not a git repository (or any of the parent directories): .git
2026-03-27 20:39:13.843 [info] > git rev-parse --show-toplevel [0ms]
2026-03-27 20:39:13.843 [info] fatal: not a git repository (or any of the parent directories): .git
2026-03-27 20:39:13.888 [info] > git rev-parse --show-toplevel [2ms]
2026-03-27 20:39:13.888 [info] fatal: not a git repository (or any of the parent directories): .git
2026-03-27 20:39:15.689 [info] > git rev-parse --show-toplevel [1ms]
2026-03-27 20:39:15.689 [info] fatal: not a git repository (or any of the parent directories): .git
2026-03-27 20:39:34.896 [info] > git rev-parse --show-toplevel [1ms]
2026-03-27 20:39:34.896 [info] fatal: not a git repository (or any of the parent directories): .git
2026-03-27 20:40:01.499 [info] > git rev-parse --show-toplevel [0ms]
2026-03-27 20:40:01.499 [info] fatal: not a git repository (or any of the parent directories): .git
2026-03-27 20:42:33.842 [info] > git rev-parse --show-toplevel [1ms]
2026-03-27 20:42:33.842 [info] fatal: not a git repository (or any of the parent directories): .git
2026-03-27 20:45:00.304 [info] > git rev-parse --show-toplevel [1ms]
2026-03-27 20:45:00.304 [info] fatal: not a git repository (or any of the parent directories): .git
2026-03-27 20:53:48.053 [info] > git rev-parse --show-toplevel [1ms]
2026-03-27 20:53:48.053 [info] fatal: not a git repository (or any of the parent directories): .git
2026-03-27 20:56:22.135 [info] > git rev-parse --show-toplevel [1ms]
2026-03-27 20:56:22.135 [info] fatal: not a git repository (or any of the parent directories): .git
2026-03-27 20:57:47.818 [info] > git rev-parse --show-toplevel [1ms]
2026-03-27 20:57:47.818 [info] fatal: not a git repository (or any of the parent directories): .git
2026-03-27 20:57:50.611 [info] > git rev-parse --show-toplevel [0ms]
2026-03-27 20:57:50.611 [info] fatal: not a git repository (or any of the parent directories): .git
2026-03-27 20:57:59.375 [info] > git rev-parse --show-toplevel [1ms]
2026-03-27 20:57:59.375 [info] fatal: not a git repository (or any of the parent directories): .git
2026-03-27 20:57:59.956 [info] > git rev-parse --show-toplevel [0ms]
2026-03-27 20:57:59.956 [info] fatal: not a git repository (or any of the parent directories): .git
2026-03-27 20:59:45.407 [info] > git rev-parse --show-toplevel [1ms]
2026-03-27 20:59:45.407 [info] fatal: not a git repository (or any of the parent directories): .git
2026-03-27 20:59:52.519 [info] > git rev-parse --show-toplevel [1ms]
2026-03-27 20:59:52.519 [info] fatal: not a git repository (or any of the parent directories): .git
2026-03-27 21:02:02.543 [info] > git rev-parse --show-toplevel [0ms]
2026-03-27 21:02:02.544 [info] fatal: not a git repository (or any of the parent directories): .git
2026-03-27 21:02:27.103 [info] > git rev-parse --show-toplevel [1ms]
2026-03-27 21:02:27.103 [info] fatal: not a git repository (or any of the parent directories): .git
2026-03-27 21:03:05.163 [info] > git rev-parse --show-toplevel [0ms]
2026-03-27 21:03:05.163 [info] fatal: not a git repository (or any of the parent directories): .git
2026-03-27 21:03:50.531 [info] > git rev-parse --show-toplevel [1ms]
2026-03-27 21:03:50.531 [info] fatal: not a git repository (or any of the parent directories): .git
2026-03-27 21:04:12.875 [info] > git rev-parse --show-toplevel [1ms]
2026-03-27 21:04:12.875 [info] fatal: not a git repository (or any of the parent directories): .git
2026-03-27 21:04:13.752 [info] > git rev-parse --show-toplevel [0ms]
2026-03-27 21:04:13.752 [info] fatal: not a git repository (or any of the parent directories): .git
2026-03-27 21:04:33.486 [info] > git rev-parse --show-toplevel [1ms]
2026-03-27 21:04:33.486 [info] fatal: not a git repository (or any of the parent directories): .git
2026-03-27 21:11:49.845 [info] > git rev-parse --show-toplevel [1ms]
2026-03-27 21:11:49.845 [info] fatal: not a git repository (or any of the parent directories): .git
2026-03-27 21:13:19.353 [info] > git rev-parse --show-toplevel [1ms]
2026-03-27 21:13:19.353 [info] fatal: not a git repository (or any of the parent directories): .git
2026-03-27 21:14:19.839 [info] > git rev-parse --show-toplevel [0ms]
2026-03-27 21:14:19.839 [info] fatal: not a git repository (or any of the parent directories): .git
2026-03-27 21:14:38.662 [info] > git rev-parse --show-toplevel [1ms]
2026-03-27 21:14:38.662 [info] fatal: not a git repository (or any of the parent directories): .git
2026-03-27 21:17:03.672 [info] > git rev-parse --show-toplevel [1ms]
2026-03-27 21:17:03.672 [info] fatal: not a git repository (or any of the parent directories): .git
2026-03-27 21:34:09.486 [info] > git rev-parse --show-toplevel [1ms]
2026-03-27 21:34:09.486 [info] fatal: not a git repository (or any of the parent directories): .git
