2026-03-26 23:03:23.116 [info] Extension host with pid 31310 started
2026-03-26 23:03:23.116 [info] Skipping acquiring lock for /home/tudor/.config/Code/User/workspaceStorage/8ba928ff3840332d5854baed28392906.
2026-03-26 23:03:23.202 [info] ExtensionService#_doActivateExtension vscode.github-authentication, startup: false, activationEvent: 'onAuthenticationRequest:github'
2026-03-26 23:03:23.215 [info] ExtensionService#_doActivateExtension vscode.emmet, startup: false, activationEvent: 'onLanguage'
2026-03-26 23:03:23.222 [info] ExtensionService#_doActivateExtension vscode.configuration-editing, startup: false, activationEvent: 'onLanguage:jsonc'
2026-03-26 23:03:23.226 [info] ExtensionService#_doActivateExtension vscode.json-language-features, startup: false, activationEvent: 'onLanguage:jsonc'
2026-03-26 23:03:23.259 [info] ExtensionService#_doActivateExtension vscode.typescript-language-features, startup: false, activationEvent: 'onLanguage:jsonc'
2026-03-26 23:03:23.430 [info] ExtensionService#_doActivateExtension vscode.git-base, startup: true, activationEvent: '*', root cause: vscode.git
2026-03-26 23:03:23.433 [info] ExtensionService#_doActivateExtension vscode.git, startup: true, activationEvent: '*'
2026-03-26 23:03:23.454 [info] ExtensionService#_doActivateExtension vscode.github, startup: true, activationEvent: '*'
2026-03-26 23:03:23.530 [info] Eager extensions activated
2026-03-26 23:03:23.549 [info] ExtensionService#_doActivateExtension vscode.debug-auto-launch, startup: false, activationEvent: 'onStartupFinished'
2026-03-26 23:03:23.550 [info] ExtensionService#_doActivateExtension vscode.merge-conflict, startup: false, activationEvent: 'onStartupFinished'
2026-03-26 23:03:30.724 [info] Extension host terminating: received terminate message from renderer
2026-03-26 23:03:30.735 [info] Extension host with pid 31310 exiting with code 0
2026-03-26 23:03:31.267 [info] Extension host with pid 31493 started
2026-03-26 23:03:31.267 [info] Skipping acquiring lock for /home/tudor/.config/Code/User/workspaceStorage/3a2ec9976ac019eaca5331b8570df55b.
2026-03-26 23:03:31.287 [info] ExtensionService#_doActivateExtension vscode.github-authentication, startup: false, activationEvent: 'onAuthenticationRequest:github'
2026-03-26 23:03:31.300 [info] ExtensionService#_doActivateExtension vscode.emmet, startup: false, activationEvent: 'onLanguage'
2026-03-26 23:03:31.337 [info] ExtensionService#_doActivateExtension vscode.git-base, startup: true, activationEvent: '*', root cause: vscode.git
2026-03-26 23:03:31.341 [info] ExtensionService#_doActivateExtension vscode.git, startup: true, activationEvent: '*'
2026-03-26 23:03:31.364 [info] ExtensionService#_doActivateExtension vscode.github, startup: true, activationEvent: '*'
2026-03-26 23:03:31.437 [info] Eager extensions activated
2026-03-26 23:03:31.482 [info] ExtensionService#_doActivateExtension vscode.debug-auto-launch, startup: false, activationEvent: 'onStartupFinished'
2026-03-26 23:03:31.483 [info] ExtensionService#_doActivateExtension vscode.merge-conflict, startup: false, activationEvent: 'onStartupFinished'
2026-03-26 23:03:36.380 [info] Extension host terminating: received terminate message from renderer
2026-03-26 23:03:36.392 [info] Extension host with pid 31493 exiting with code 0
