2026-03-27 20:54:02.301 [info] [main] Log level: Info
2026-03-27 20:54:02.301 [info] [main] Validating found git in: "git"
2026-03-27 20:54:02.301 [info] [main] Using git "2.43.0" from "git"
2026-03-27 20:54:02.301 [info] [Model][doInitialScan] Initial repository scan started
2026-03-27 20:54:02.301 [info] > git rev-parse --show-toplevel [2ms]
2026-03-27 20:54:02.301 [info] fatal: not a git repository (or any of the parent directories): .git
2026-03-27 20:54:02.301 [info] > git rev-parse --show-toplevel [1ms]
2026-03-27 20:54:02.301 [info] fatal: not a git repository (or any of the parent directories): .git
2026-03-27 20:54:02.301 [info] [Model][doInitialScan] Initial repository scan completed - repositories (0), closed repositories (0), parent repositories (0), unsafe repositories (0)
2026-03-27 20:54:02.323 [info] > git rev-parse --show-toplevel [10ms]
2026-03-27 20:54:02.323 [info] fatal: not a git repository (or any of the parent directories): .git
2026-03-27 20:54:02.362 [info] > git rev-parse --show-toplevel [1ms]
2026-03-27 20:54:02.362 [info] fatal: not a git repository (or any of the parent directories): .git
2026-03-27 20:54:02.382 [info] > git rev-parse --show-toplevel [0ms]
2026-03-27 20:54:02.382 [info] fatal: not a git repository (or any of the parent directories): .git
2026-03-27 20:54:02.419 [info] > git rev-parse --show-toplevel [1ms]
2026-03-27 20:54:02.419 [info] fatal: not a git repository (or any of the parent directories): .git
2026-03-27 20:54:04.364 [info] > git rev-parse --show-toplevel [1ms]
2026-03-27 20:54:04.364 [info] fatal: not a git repository (or any of the parent directories): .git
2026-03-27 21:34:09.484 [info] > git rev-parse --show-toplevel [1ms]
2026-03-27 21:34:09.484 [info] fatal: not a git repository (or any of the parent directories): .git
