2026-04-04 12:12:09.422 [info] [main] Log level: Info
2026-04-04 12:12:09.422 [info] [main] Validating found git in: "git"
2026-04-04 12:12:09.422 [info] [main] Using git "2.43.0" from "git"
2026-04-04 12:12:09.422 [info] [Model][doInitialScan] Initial repository scan started
2026-04-04 12:12:09.422 [info] > git rev-parse --show-toplevel [1ms]
2026-04-04 12:12:09.422 [info] > git rev-parse --git-dir --git-common-dir --show-superproject-working-tree [1ms]
2026-04-04 12:12:09.422 [info] [Model][openRepository] Opened repository (path): /home/tudor/.config/fastfetch
2026-04-04 12:12:09.422 [info] [Model][openRepository] Opened repository (real path): /home/tudor/.config/fastfetch
2026-04-04 12:12:09.422 [info] [Model][openRepository] Opened repository (kind): repository
2026-04-04 12:12:09.422 [info] > git config --get commit.template [2ms]
2026-04-04 12:12:09.422 [info] > git rev-parse --show-toplevel [1ms]
2026-04-04 12:12:09.425 [info] > git for-each-ref --format=%(refname)%00%(upstream:short)%00%(objectname)%00%(upstream:track)%00%(upstream:remotename)%00%(upstream:remoteref) refs/heads/main refs/remotes/main [2ms]
2026-04-04 12:12:09.427 [warning] [Git][revParse] Unable to read file: ENOENT: no such file or directory, open '/home/tudor/.config/fastfetch/.git/refs/remotes/origin/main'
2026-04-04 12:12:09.427 [info] > git rev-parse --show-toplevel [2ms]
2026-04-04 12:12:09.428 [info] > git rev-parse refs/remotes/origin/main [2ms]
2026-04-04 12:12:09.431 [info] > git rev-parse --show-toplevel [3ms]
2026-04-04 12:12:09.433 [info] [Model][doInitialScan] Initial repository scan completed - repositories (1), closed repositories (0), parent repositories (0), unsafe repositories (0)
2026-04-04 12:12:09.442 [info] > git status -z -uall [13ms]
2026-04-04 12:12:09.442 [info] > git for-each-ref --sort -committerdate --format %(refname)%00%(objectname)%00%(*objectname) [11ms]
2026-04-04 12:12:09.453 [info] > git for-each-ref --format=%(refname)%00%(upstream:short)%00%(objectname)%00%(upstream:track)%00%(upstream:remotename)%00%(upstream:remoteref) refs/heads/main refs/remotes/main [3ms]
2026-04-04 12:12:09.455 [info] > git config --get commit.template [2ms]
2026-04-04 12:12:09.456 [info] > git config --get --local branch.main.vscode-merge-base [1ms]
2026-04-04 12:12:09.458 [info] > git for-each-ref --format=%(refname)%00%(upstream:short)%00%(objectname)%00%(upstream:track)%00%(upstream:remotename)%00%(upstream:remoteref) refs/heads/main refs/remotes/main [2ms]
2026-04-04 12:12:09.465 [warning] [Git][revParse] Unable to read file: ENOENT: no such file or directory, open '/home/tudor/.config/fastfetch/.git/refs/remotes/origin/main'
2026-04-04 12:12:09.465 [info] > git for-each-ref --format=%(refname)%00%(upstream:short)%00%(objectname)%00%(upstream:track)%00%(upstream:remotename)%00%(upstream:remoteref) refs/heads/origin/main refs/remotes/origin/main [7ms]
2026-04-04 12:12:09.467 [info] > git rev-parse refs/remotes/origin/main [2ms]
2026-04-04 12:12:09.469 [info] > git merge-base refs/heads/main refs/remotes/origin/main [2ms]
2026-04-04 12:12:09.471 [info] > git for-each-ref --sort -committerdate --format %(refname)%00%(objectname)%00%(*objectname) [2ms]
2026-04-04 12:12:09.471 [info] > git diff --raw --numstat --diff-filter=ADMR -z --find-renames=50% bbf7bc6f39fdcf9d9b1087c06e197d05d23b518d...refs/remotes/origin/main -- [0ms]
2026-04-04 12:12:09.477 [info] > git status -z -uall [9ms]
2026-04-04 12:12:09.929 [info] > git check-ignore -v -z --stdin [1ms]
2026-04-04 12:12:12.174 [info] > git check-ignore -v -z --stdin [1ms]
2026-04-04 12:12:13.220 [info] > git check-ignore -v -z --stdin [1ms]
2026-04-04 12:12:13.224 [info] > git show --textconv :config.jsonc [2ms]
2026-04-04 12:12:13.224 [info] > git ls-files --stage -- config.jsonc [0ms]
2026-04-04 12:12:13.226 [info] > git cat-file -s 08c8696b602c321db531c453e025870cd0a30137 [1ms]
2026-04-04 12:12:14.471 [info] > git blame --root --incremental bbf7bc6f39fdcf9d9b1087c06e197d05d23b518d -- config.jsonc [3ms]
2026-04-04 12:12:16.685 [info] > git check-ignore -v -z --stdin [1ms]
2026-04-04 12:12:18.861 [info] > git config --get commit.template [2ms]
2026-04-04 12:12:18.862 [info] > git for-each-ref --format=%(refname)%00%(upstream:short)%00%(objectname)%00%(upstream:track)%00%(upstream:remotename)%00%(upstream:remoteref) refs/heads/main refs/remotes/main [1ms]
2026-04-04 12:12:18.864 [warning] [Git][revParse] Unable to read file: ENOENT: no such file or directory, open '/home/tudor/.config/fastfetch/.git/refs/remotes/origin/main'
2026-04-04 12:12:18.865 [info] > git rev-parse refs/remotes/origin/main [1ms]
2026-04-04 12:12:18.870 [info] > git for-each-ref --sort -committerdate --format %(refname)%00%(objectname)%00%(*objectname) [1ms]
2026-04-04 12:12:18.880 [info] > git status -z -uall [13ms]
2026-04-04 12:12:19.189 [info] > git check-ignore -v -z --stdin [1ms]
2026-04-04 12:12:31.885 [info] > git check-ignore -v -z --stdin [1ms]
2026-04-04 12:12:32.357 [info] > git check-ignore -v -z --stdin [1ms]
2026-04-04 12:12:32.669 [info] > git check-ignore -v -z --stdin [1ms]
2026-04-04 12:12:47.244 [info] > git config --get commit.template [3ms]
2026-04-04 12:12:47.244 [info] > git for-each-ref --format=%(refname)%00%(upstream:short)%00%(objectname)%00%(upstream:track)%00%(upstream:remotename)%00%(upstream:remoteref) refs/heads/main refs/remotes/main [1ms]
2026-04-04 12:12:47.247 [warning] [Git][revParse] Unable to read file: ENOENT: no such file or directory, open '/home/tudor/.config/fastfetch/.git/refs/remotes/origin/main'
2026-04-04 12:12:47.248 [info] > git rev-parse refs/remotes/origin/main [1ms]
2026-04-04 12:12:47.253 [info] > git for-each-ref --sort -committerdate --format %(refname)%00%(objectname)%00%(*objectname) [1ms]
2026-04-04 12:12:47.265 [info] > git status -z -uall [15ms]
2026-04-04 12:12:48.788 [info] > git check-ignore -v -z --stdin [1ms]
2026-04-04 12:12:49.597 [info] > git check-ignore -v -z --stdin [1ms]
2026-04-04 12:12:50.319 [info] > git check-ignore -v -z --stdin [1ms]
2026-04-04 12:12:51.164 [info] > git check-ignore -v -z --stdin [1ms]
2026-04-04 12:12:51.564 [info] > git check-ignore -v -z --stdin [1ms]
2026-04-04 12:12:51.885 [info] > git check-ignore -v -z --stdin [1ms]
2026-04-04 12:12:52.093 [info] > git check-ignore -v -z --stdin [1ms]
2026-04-04 12:12:53.100 [info] > git check-ignore -v -z --stdin [1ms]
2026-04-04 12:12:53.381 [info] > git check-ignore -v -z --stdin [1ms]
2026-04-04 12:12:54.004 [info] > git check-ignore -v -z --stdin [1ms]
2026-04-04 12:12:54.212 [info] > git check-ignore -v -z --stdin [1ms]
2026-04-04 12:12:54.796 [info] > git check-ignore -v -z --stdin [1ms]
2026-04-04 12:12:55.196 [info] > git check-ignore -v -z --stdin [1ms]
2026-04-04 12:12:57.173 [info] > git check-ignore -v -z --stdin [2ms]
2026-04-04 12:12:57.724 [info] > git check-ignore -v -z --stdin [1ms]
2026-04-04 12:12:58.182 [info] > git check-ignore -v -z --stdin [1ms]
2026-04-04 12:12:58.452 [info] > git check-ignore -v -z --stdin [1ms]
2026-04-04 12:13:00.895 [info] > git check-ignore -v -z --stdin [2ms]
2026-04-04 12:13:01.796 [info] > git check-ignore -v -z --stdin [1ms]
2026-04-04 12:13:02.037 [info] > git check-ignore -v -z --stdin [2ms]
2026-04-04 12:13:07.706 [info] > git config --get commit.template [2ms]
2026-04-04 12:13:07.707 [info] > git for-each-ref --format=%(refname)%00%(upstream:short)%00%(objectname)%00%(upstream:track)%00%(upstream:remotename)%00%(upstream:remoteref) refs/heads/main refs/remotes/main [1ms]
2026-04-04 12:13:07.709 [warning] [Git][revParse] Unable to read file: ENOENT: no such file or directory, open '/home/tudor/.config/fastfetch/.git/refs/remotes/origin/main'
2026-04-04 12:13:07.710 [info] > git rev-parse refs/remotes/origin/main [1ms]
2026-04-04 12:13:07.714 [info] > git for-each-ref --sort -committerdate --format %(refname)%00%(objectname)%00%(*objectname) [0ms]
2026-04-04 12:13:07.726 [info] > git status -z -uall [15ms]
2026-04-04 12:13:09.773 [info] > git check-ignore -v -z --stdin [1ms]
2026-04-04 12:13:10.827 [info] > git check-ignore -v -z --stdin [1ms]
2026-04-04 12:13:15.188 [info] > git config --get commit.template [3ms]
2026-04-04 12:13:15.188 [info] > git for-each-ref --format=%(refname)%00%(upstream:short)%00%(objectname)%00%(upstream:track)%00%(upstream:remotename)%00%(upstream:remoteref) refs/heads/main refs/remotes/main [0ms]
2026-04-04 12:13:15.190 [warning] [Git][revParse] Unable to read file: ENOENT: no such file or directory, open '/home/tudor/.config/fastfetch/.git/refs/remotes/origin/main'
2026-04-04 12:13:15.191 [info] > git rev-parse refs/remotes/origin/main [1ms]
2026-04-04 12:13:15.196 [info] > git for-each-ref --sort -committerdate --format %(refname)%00%(objectname)%00%(*objectname) [1ms]
2026-04-04 12:13:15.208 [info] > git status -z -uall [15ms]
2026-04-04 12:13:16.422 [info] > git check-ignore -v -z --stdin [2ms]
2026-04-04 12:13:17.380 [info] > git check-ignore -v -z --stdin [0ms]
2026-04-04 12:13:21.933 [info] > git config --get commit.template [3ms]
2026-04-04 12:13:21.934 [info] > git for-each-ref --format=%(refname)%00%(upstream:short)%00%(objectname)%00%(upstream:track)%00%(upstream:remotename)%00%(upstream:remoteref) refs/heads/main refs/remotes/main [2ms]
2026-04-04 12:13:21.936 [warning] [Git][revParse] Unable to read file: ENOENT: no such file or directory, open '/home/tudor/.config/fastfetch/.git/refs/remotes/origin/main'
2026-04-04 12:13:21.937 [info] > git rev-parse refs/remotes/origin/main [1ms]
2026-04-04 12:13:21.942 [info] > git for-each-ref --sort -committerdate --format %(refname)%00%(objectname)%00%(*objectname) [1ms]
2026-04-04 12:13:21.951 [info] > git status -z -uall [12ms]
2026-04-04 12:13:22.956 [info] > git check-ignore -v -z --stdin [1ms]
2026-04-04 12:13:23.988 [info] > git check-ignore -v -z --stdin [0ms]
2026-04-04 12:13:46.289 [info] > git config --get commit.template [3ms]
2026-04-04 12:13:46.290 [info] > git for-each-ref --format=%(refname)%00%(upstream:short)%00%(objectname)%00%(upstream:track)%00%(upstream:remotename)%00%(upstream:remoteref) refs/heads/main refs/remotes/main [1ms]
2026-04-04 12:13:46.292 [warning] [Git][revParse] Unable to read file: ENOENT: no such file or directory, open '/home/tudor/.config/fastfetch/.git/refs/remotes/origin/main'
2026-04-04 12:13:46.292 [info] > git rev-parse refs/remotes/origin/main [0ms]
2026-04-04 12:13:46.297 [info] > git for-each-ref --sort -committerdate --format %(refname)%00%(objectname)%00%(*objectname) [1ms]
2026-04-04 12:13:46.309 [info] > git status -z -uall [15ms]
2026-04-04 12:13:48.261 [info] > git check-ignore -v -z --stdin [1ms]
2026-04-04 12:13:48.515 [info] > git check-ignore -v -z --stdin [0ms]
2026-04-04 12:13:48.844 [info] > git check-ignore -v -z --stdin [1ms]
2026-04-04 12:13:49.101 [info] > git check-ignore -v -z --stdin [1ms]
2026-04-04 12:13:49.359 [info] > git check-ignore -v -z --stdin [2ms]
2026-04-04 12:13:49.715 [info] > git check-ignore -v -z --stdin [1ms]
2026-04-04 12:13:50.026 [info] > git check-ignore -v -z --stdin [1ms]
2026-04-04 12:13:50.475 [info] > git check-ignore -v -z --stdin [1ms]
2026-04-04 12:13:50.826 [info] > git check-ignore -v -z --stdin [0ms]
2026-04-04 12:13:51.234 [info] > git check-ignore -v -z --stdin [1ms]
2026-04-04 12:13:51.981 [info] > git check-ignore -v -z --stdin [1ms]
2026-04-04 12:13:52.186 [info] > git check-ignore -v -z --stdin [1ms]
2026-04-04 12:13:52.659 [info] > git check-ignore -v -z --stdin [1ms]
2026-04-04 12:13:54.586 [info] > git config --get commit.template [2ms]
2026-04-04 12:13:54.586 [info] > git for-each-ref --format=%(refname)%00%(upstream:short)%00%(objectname)%00%(upstream:track)%00%(upstream:remotename)%00%(upstream:remoteref) refs/heads/main refs/remotes/main [1ms]
2026-04-04 12:13:54.588 [warning] [Git][revParse] Unable to read file: ENOENT: no such file or directory, open '/home/tudor/.config/fastfetch/.git/refs/remotes/origin/main'
2026-04-04 12:13:54.589 [info] > git rev-parse refs/remotes/origin/main [1ms]
2026-04-04 12:13:54.595 [info] > git for-each-ref --sort -committerdate --format %(refname)%00%(objectname)%00%(*objectname) [2ms]
2026-04-04 12:13:54.606 [info] > git status -z -uall [15ms]
2026-04-04 12:14:21.643 [info] > git check-ignore -v -z --stdin [1ms]
2026-04-04 12:14:21.970 [info] > git check-ignore -v -z --stdin [1ms]
2026-04-04 12:14:22.331 [info] > git check-ignore -v -z --stdin [1ms]
2026-04-04 12:14:24.395 [info] > git config --get commit.template [3ms]
2026-04-04 12:14:24.396 [info] > git for-each-ref --format=%(refname)%00%(upstream:short)%00%(objectname)%00%(upstream:track)%00%(upstream:remotename)%00%(upstream:remoteref) refs/heads/main refs/remotes/main [2ms]
2026-04-04 12:14:24.398 [warning] [Git][revParse] Unable to read file: ENOENT: no such file or directory, open '/home/tudor/.config/fastfetch/.git/refs/remotes/origin/main'
2026-04-04 12:14:24.398 [info] > git rev-parse refs/remotes/origin/main [0ms]
2026-04-04 12:14:24.404 [info] > git for-each-ref --sort -committerdate --format %(refname)%00%(objectname)%00%(*objectname) [1ms]
2026-04-04 12:14:24.415 [info] > git status -z -uall [14ms]
2026-04-04 12:14:24.720 [info] > git check-ignore -v -z --stdin [0ms]
2026-04-04 12:16:55.519 [info] > git check-ignore -v -z --stdin [1ms]
2026-04-04 12:16:57.104 [info] > git check-ignore -v -z --stdin [1ms]
2026-04-04 12:16:57.555 [info] > git check-ignore -v -z --stdin [1ms]
